0 info it worked if it ends with ok
1 verbose cli [ 'C:\\Program Files\\nodejs\\node.exe',
1 verbose cli   'C:\\Program Files\\nodejs\\node_modules\\npm\\bin\\npm-cli.js',
1 verbose cli   'run',
1 verbose cli   'sass' ]
2 info using npm@2.15.11
3 info using node@v0.12.18
4 verbose run-script [ 'presass', 'sass', 'postsass' ]
5 info presass myportfolio@1.0.0
6 info sass myportfolio@1.0.0
7 verbose unsafe-perm in lifecycle true
8 info myportfolio@1.0.0 Failed to exec sass script
9 verbose stack Error: myportfolio@1.0.0 sass: `sass --watch ./src/css/global.scss ./src/css/global.css`
9 verbose stack Exit status 1
9 verbose stack     at EventEmitter.<anonymous> (C:\Users\dimas.camilo\AppData\Roaming\nvm\v0.12.18\node_modules\npm\lib\utils\lifecycle.js:217:16)
9 verbose stack     at EventEmitter.emit (events.js:110:17)
9 verbose stack     at ChildProcess.<anonymous> (C:\Users\dimas.camilo\AppData\Roaming\nvm\v0.12.18\node_modules\npm\lib\utils\spawn.js:24:14)
9 verbose stack     at ChildProcess.emit (events.js:110:17)
9 verbose stack     at maybeClose (child_process.js:1019:16)
9 verbose stack     at Process.ChildProcess._handle.onexit (child_process.js:1091:5)
10 verbose pkgid myportfolio@1.0.0
11 verbose cwd C:\estudos\myportfolio
12 error Windows_NT 10.0.19044
13 error argv "C:\\Program Files\\nodejs\\node.exe" "C:\\Program Files\\nodejs\\node_modules\\npm\\bin\\npm-cli.js" "run" "sass"
14 error node v0.12.18
15 error npm  v2.15.11
16 error code ELIFECYCLE
17 error myportfolio@1.0.0 sass: `sass --watch ./src/css/global.scss ./src/css/global.css`
17 error Exit status 1
18 error Failed at the myportfolio@1.0.0 sass script 'sass --watch ./src/css/global.scss ./src/css/global.css'.
18 error This is most likely a problem with the myportfolio package,
18 error not with npm itself.
18 error Tell the author that this fails on your system:
18 error     sass --watch ./src/css/global.scss ./src/css/global.css
18 error You can get information on how to open an issue for this project with:
18 error     npm bugs myportfolio
18 error Or if that isn't available, you can get their info via:
18 error
18 error     npm owner ls myportfolio
18 error There is likely additional logging output above.
19 verbose exit [ 1, true ]
